-	repo-start	no-sidecar	reason=sidecar_port_missing	searched_path=C:\AI_STUFF\PROGRAMMING\octogent\.symforge/sidecar.port	suggestion=start_mcp_session	project_root=C:\AI_STUFF\PROGRAMMING\octogent
session-2	repo-start	routed
session-4	post-edit-impact	routed
session-4	post-edit-impact	routed
session-4	repo-start	routed
session-5	post-edit-impact	routed
session-5	post-edit-impact	routed
session-5	post-edit-impact	routed
session-5	post-edit-impact	routed
session-5	post-edit-impact	routed
session-5	post-edit-impact	routed
session-5	post-edit-impact	routed
session-5	post-edit-impact	routed
session-5	source-read	routed
session-5	post-edit-impact	routed
session-5	post-edit-impact	routed
session-5	post-edit-impact	routed
session-5	post-edit-impact	routed
session-5	post-edit-impact	routed
session-5	post-edit-impact	routed
session-5	post-edit-impact	routed
session-5	post-edit-impact	routed
session-5	post-edit-impact	routed
session-5	post-edit-impact	routed
session-5	post-edit-impact	routed
session-5	repo-start	routed
session-7	repo-start	routed
session-10	repo-start	routed
session-13	post-edit-impact	no-sidecar	reason=sidecar_port_stale	searched_path=C:\AI_STUFF\PROGRAMMING\octogent\.symforge/sidecar.port	suggestion=restart_sidecar	project_root=C:\AI_STUFF\PROGRAMMING\octogent
session-13	post-edit-impact	no-sidecar	reason=sidecar_port_stale	searched_path=C:\AI_STUFF\PROGRAMMING\octogent\.symforge/sidecar.port	suggestion=restart_sidecar	project_root=C:\AI_STUFF\PROGRAMMING\octogent
session-13	post-edit-impact	no-sidecar	reason=sidecar_port_stale	searched_path=C:\AI_STUFF\PROGRAMMING\octogent\.symforge/sidecar.port	suggestion=restart_sidecar	project_root=C:\AI_STUFF\PROGRAMMING\octogent
session-13	post-edit-impact	no-sidecar	reason=sidecar_port_stale	searched_path=C:\AI_STUFF\PROGRAMMING\octogent\.symforge/sidecar.port	suggestion=restart_sidecar	project_root=C:\AI_STUFF\PROGRAMMING\octogent
session-13	source-read	routed
session-13	post-edit-impact	no-sidecar	reason=sidecar_port_stale	searched_path=C:\AI_STUFF\PROGRAMMING\octogent\.symforge/sidecar.port	suggestion=restart_sidecar	project_root=C:\AI_STUFF\PROGRAMMING\octogent
session-13	repo-start	routed
session-15	source-read	routed
session-15	post-edit-impact	no-sidecar	reason=sidecar_port_stale	searched_path=C:\AI_STUFF\PROGRAMMING\octogent\.symforge/sidecar.port	suggestion=restart_sidecar	project_root=C:\AI_STUFF\PROGRAMMING\octogent
session-15	source-read	no-sidecar	reason=sidecar_port_stale	searched_path=C:\AI_STUFF\PROGRAMMING\octogent\.symforge/sidecar.port	suggestion=restart_sidecar	project_root=C:\AI_STUFF\PROGRAMMING\octogent
session-15	post-edit-impact	no-sidecar	reason=sidecar_port_stale	searched_path=C:\AI_STUFF\PROGRAMMING\octogent\.symforge/sidecar.port	suggestion=restart_sidecar	project_root=C:\AI_STUFF\PROGRAMMING\octogent
session-15	source-read	no-sidecar	reason=sidecar_port_stale	searched_path=C:\AI_STUFF\PROGRAMMING\octogent\.symforge/sidecar.port	suggestion=restart_sidecar	project_root=C:\AI_STUFF\PROGRAMMING\octogent
session-15	source-read	no-sidecar	reason=sidecar_port_stale	searched_path=C:\AI_STUFF\PROGRAMMING\octogent\.symforge/sidecar.port	suggestion=restart_sidecar	project_root=C:\AI_STUFF\PROGRAMMING\octogent
session-15	post-edit-impact	no-sidecar	reason=sidecar_port_stale	searched_path=C:\AI_STUFF\PROGRAMMING\octogent\.symforge/sidecar.port	suggestion=restart_sidecar	project_root=C:\AI_STUFF\PROGRAMMING\octogent
session-15	post-edit-impact	no-sidecar	reason=sidecar_port_stale	searched_path=C:\AI_STUFF\PROGRAMMING\octogent\.symforge/sidecar.port	suggestion=restart_sidecar	project_root=C:\AI_STUFF\PROGRAMMING\octogent
session-15	post-edit-impact	no-sidecar	reason=sidecar_port_stale	searched_path=C:\AI_STUFF\PROGRAMMING\octogent\.symforge/sidecar.port	suggestion=restart_sidecar	project_root=C:\AI_STUFF\PROGRAMMING\octogent
session-15	post-edit-impact	no-sidecar	reason=sidecar_port_stale	searched_path=C:\AI_STUFF\PROGRAMMING\octogent\.symforge/sidecar.port	suggestion=restart_sidecar	project_root=C:\AI_STUFF\PROGRAMMING\octogent
session-15	post-edit-impact	no-sidecar	reason=sidecar_port_stale	searched_path=C:\AI_STUFF\PROGRAMMING\octogent\.symforge/sidecar.port	suggestion=restart_sidecar	project_root=C:\AI_STUFF\PROGRAMMING\octogent
session-15	post-edit-impact	no-sidecar	reason=sidecar_port_stale	searched_path=C:\AI_STUFF\PROGRAMMING\octogent\.symforge/sidecar.port	suggestion=restart_sidecar	project_root=C:\AI_STUFF\PROGRAMMING\octogent
session-15	post-edit-impact	no-sidecar	reason=sidecar_port_stale	searched_path=C:\AI_STUFF\PROGRAMMING\octogent\.symforge/sidecar.port	suggestion=restart_sidecar	project_root=C:\AI_STUFF\PROGRAMMING\octogent
session-15	repo-start	routed
session-18	source-read	no-sidecar	reason=sidecar_port_stale	searched_path=C:\AI_STUFF\PROGRAMMING\octogent\.symforge/sidecar.port	suggestion=restart_sidecar	project_root=C:\AI_STUFF\PROGRAMMING\octogent
session-18	source-read	no-sidecar	reason=sidecar_port_stale	searched_path=C:\AI_STUFF\PROGRAMMING\octogent\.symforge/sidecar.port	suggestion=restart_sidecar	project_root=C:\AI_STUFF\PROGRAMMING\octogent
session-18	source-read	no-sidecar	reason=sidecar_port_stale	searched_path=C:\AI_STUFF\PROGRAMMING\octogent\.symforge/sidecar.port	suggestion=restart_sidecar	project_root=C:\AI_STUFF\PROGRAMMING\octogent
session-18	source-read	no-sidecar	reason=sidecar_port_stale	searched_path=C:\AI_STUFF\PROGRAMMING\octogent\.symforge/sidecar.port	suggestion=restart_sidecar	project_root=C:\AI_STUFF\PROGRAMMING\octogent
session-18	source-read	no-sidecar	reason=sidecar_port_stale	searched_path=C:\AI_STUFF\PROGRAMMING\octogent\.symforge/sidecar.port	suggestion=restart_sidecar	project_root=C:\AI_STUFF\PROGRAMMING\octogent
session-18	source-read	no-sidecar	reason=sidecar_port_stale	searched_path=C:\AI_STUFF\PROGRAMMING\octogent\.symforge/sidecar.port	suggestion=restart_sidecar	project_root=C:\AI_STUFF\PROGRAMMING\octogent
session-18	source-read	no-sidecar	reason=sidecar_port_stale	searched_path=C:\AI_STUFF\PROGRAMMING\octogent\.symforge/sidecar.port	suggestion=restart_sidecar	project_root=C:\AI_STUFF\PROGRAMMING\octogent
session-18	post-edit-impact	no-sidecar	reason=sidecar_port_stale	searched_path=C:\AI_STUFF\PROGRAMMING\octogent\.symforge/sidecar.port	suggestion=restart_sidecar	project_root=C:\AI_STUFF\PROGRAMMING\octogent
session-18	source-read	no-sidecar	reason=sidecar_port_stale	searched_path=C:\AI_STUFF\PROGRAMMING\octogent\.symforge/sidecar.port	suggestion=restart_sidecar	project_root=C:\AI_STUFF\PROGRAMMING\octogent
session-18	source-read	no-sidecar	reason=sidecar_port_stale	searched_path=C:\AI_STUFF\PROGRAMMING\octogent\.symforge/sidecar.port	suggestion=restart_sidecar	project_root=C:\AI_STUFF\PROGRAMMING\octogent
session-18	post-edit-impact	no-sidecar	reason=sidecar_port_stale	searched_path=C:\AI_STUFF\PROGRAMMING\octogent\.symforge/sidecar.port	suggestion=restart_sidecar	project_root=C:\AI_STUFF\PROGRAMMING\octogent
session-18	source-read	no-sidecar	reason=sidecar_port_stale	searched_path=C:\AI_STUFF\PROGRAMMING\octogent\.symforge/sidecar.port	suggestion=restart_sidecar	project_root=C:\AI_STUFF\PROGRAMMING\octogent
session-18	post-edit-impact	no-sidecar	reason=sidecar_port_stale	searched_path=C:\AI_STUFF\PROGRAMMING\octogent\.symforge/sidecar.port	suggestion=restart_sidecar	project_root=C:\AI_STUFF\PROGRAMMING\octogent
session-18	post-edit-impact	no-sidecar	reason=sidecar_port_stale	searched_path=C:\AI_STUFF\PROGRAMMING\octogent\.symforge/sidecar.port	suggestion=restart_sidecar	project_root=C:\AI_STUFF\PROGRAMMING\octogent
session-18	post-edit-impact	no-sidecar	reason=sidecar_port_stale	searched_path=C:\AI_STUFF\PROGRAMMING\octogent\.symforge/sidecar.port	suggestion=restart_sidecar	project_root=C:\AI_STUFF\PROGRAMMING\octogent
session-18	post-edit-impact	no-sidecar	reason=sidecar_port_stale	searched_path=C:\AI_STUFF\PROGRAMMING\octogent\.symforge/sidecar.port	suggestion=restart_sidecar	project_root=C:\AI_STUFF\PROGRAMMING\octogent
session-18	source-read	no-sidecar	reason=sidecar_port_stale	searched_path=C:\AI_STUFF\PROGRAMMING\octogent\.symforge/sidecar.port	suggestion=restart_sidecar	project_root=C:\AI_STUFF\PROGRAMMING\octogent
session-18	source-read	routed
session-18	source-read	no-sidecar	reason=sidecar_port_stale	searched_path=C:\AI_STUFF\PROGRAMMING\octogent\.symforge/sidecar.port	suggestion=restart_sidecar	project_root=C:\AI_STUFF\PROGRAMMING\octogent
session-18	post-edit-impact	no-sidecar	reason=sidecar_port_stale	searched_path=C:\AI_STUFF\PROGRAMMING\octogent\.symforge/sidecar.port	suggestion=restart_sidecar	project_root=C:\AI_STUFF\PROGRAMMING\octogent
session-18	post-edit-impact	no-sidecar	reason=sidecar_port_stale	searched_path=C:\AI_STUFF\PROGRAMMING\octogent\.symforge/sidecar.port	suggestion=restart_sidecar	project_root=C:\AI_STUFF\PROGRAMMING\octogent
